TN:
SF:src\Button\Button.tsx
FN:14,(anonymous_1)
FNF:1
FNH:1
FNDA:13,(anonymous_1)
DA:1,1
DA:2,1
DA:14,1
DA:23,13
DA:25,13
DA:37,1
LF:6
LH:6
BRDA:15,0,0,11
BRDA:16,1,0,11
BRDA:19,2,0,11
BRDA:20,3,0,12
BRDA:21,4,0,12
BRF:5
BRH:5
end_of_record
TN:
SF:src\Card\Card.tsx
FN:11,(anonymous_1)
FNF:1
FNH:1
FNDA:14,(anonymous_1)
DA:1,2
DA:2,2
DA:11,2
DA:17,14
DA:30,2
LF:5
LH:5
BRDA:13,0,0,3
BRDA:15,1,0,13
BRDA:21,2,0,11
BRDA:21,2,1,3
BRDA:22,3,0,11
BRDA:22,3,1,3
BRF:6
BRH:6
end_of_record
TN:
SF:src\Input\Input.tsx
FN:16,(anonymous_1)
FN:43,(anonymous_2)
FNF:2
FNH:2
FNDA:9,(anonymous_1)
FNDA:1,(anonymous_2)
DA:1,1
DA:2,1
DA:16,1
DA:27,9
DA:29,9
DA:43,1
DA:51,1
LF:7
LH:7
BRDA:17,0,0,8
BRDA:21,1,0,8
BRDA:25,2,0,8
BRDA:27,3,0,1
BRDA:27,3,1,8
BRDA:31,4,0,9
BRDA:31,4,1,1
BRDA:46,5,0,9
BRDA:46,5,1,1
BRF:9
BRH:9
end_of_record
TN:
SF:src\PhotoGallery\PhotoGallery.tsx
FN:8,(anonymous_9)
FN:11,(anonymous_10)
FN:12,(anonymous_11)
FN:17,(anonymous_12)
FN:18,(anonymous_13)
FN:23,(anonymous_14)
FN:61,(anonymous_15)
FN:67,(anonymous_16)
FNF:8
FNH:8
FNDA:20,(anonymous_9)
FNDA:2,(anonymous_10)
FNDA:2,(anonymous_11)
FNDA:5,(anonymous_12)
FNDA:5,(anonymous_13)
FNDA:2,(anonymous_14)
FNDA:52,(anonymous_15)
FNDA:2,(anonymous_16)
DA:1,2
DA:2,2
DA:8,2
DA:9,20
DA:11,20
DA:12,2
DA:13,2
DA:17,20
DA:18,5
DA:19,5
DA:23,20
DA:24,2
DA:27,20
DA:28,1
DA:31,19
DA:62,52
DA:67,2
DA:82,2
LF:18
LH:18
BRDA:13,0,0,1
BRDA:13,0,1,1
BRDA:19,1,0,1
BRDA:19,1,1,4
BRDA:27,2,0,1
BRDA:27,2,1,19
BRDA:59,3,0,19
BRDA:59,3,1,18
BRDA:65,4,0,18
BRDA:65,4,1,34
BRF:10
BRH:10
end_of_record
TN:
SF:src\PortfolioCase\PortfolioCase.tsx
FN:16,(anonymous_10)
FN:26,(anonymous_11)
FN:30,(anonymous_12)
FN:52,(anonymous_13)
FN:61,(anonymous_14)
FN:70,(anonymous_15)
FN:99,(anonymous_16)
FNF:7
FNH:7
FNDA:10,(anonymous_10)
FNDA:2,(anonymous_11)
FNDA:1,(anonymous_12)
FNDA:30,(anonymous_13)
FNDA:2,(anonymous_14)
FNDA:2,(anonymous_15)
FNDA:6,(anonymous_16)
DA:1,1
DA:3,1
DA:4,1
DA:5,1
DA:16,1
DA:24,10
DA:26,10
DA:27,2
DA:30,10
DA:31,1
DA:34,10
DA:53,30
DA:62,2
DA:63,2
DA:71,2
DA:72,2
DA:100,6
DA:120,1
LF:18
LH:18
BRDA:81,0,0,10
BRDA:81,0,1,2
BRF:2
BRH:2
end_of_record
TN:
SF:src\Textarea\Textarea.tsx
FN:16,(anonymous_1)
FN:42,(anonymous_2)
FNF:2
FNH:2
FNDA:10,(anonymous_1)
FNDA:1,(anonymous_2)
DA:1,1
DA:2,1
DA:16,1
DA:27,10
DA:29,10
DA:42,1
DA:51,1
LF:7
LH:7
BRDA:20,0,0,9
BRDA:24,1,0,9
BRDA:25,2,0,9
BRDA:27,3,0,1
BRDA:27,3,1,9
BRDA:31,4,0,10
BRDA:31,4,1,1
BRDA:46,5,0,10
BRDA:46,5,1,1
BRF:9
BRH:9
end_of_record
